2024-12-11 10:43:18,983 - INFO - Data cleaned
2024-12-11 10:43:18,984 - INFO - Using features: ['EXT_SOURCE_1', 'EXT_SOURCE_2', 'EXT_SOURCE_3', 'NAME_CONTRACT_TYPE', 'AMT_INCOME_TOTAL', 'OWN_CAR_AGE', 'ORGANIZATION_TYPE', 'DAYS_EMPLOYED', 'CREDIT_INCOME_RATIO', 'ANNUITY_INCOME_RATIO', 'INCOME_PER_CHILD', 'INCOME_PER_FAM_MEMBER', 'CREDIT_TERM', 'DAYS_EMPLOYED_PERC', 'DAYS_REGISTRATION_PERC', 'DAYS_ID_PUBLISH_PERC', 'AGE_IN_YEARS', 'YEARS_EMPLOYED', 'DAYS_LAST_PHONE_CHANGE', 'DEF_60_CNT_SOCIAL_CIRCLE', 'DEF_30_CNT_SOCIAL_CIRCLE', 'AMT_GOODS_PRICE', 'REGION_RATING_CLIENT', 'REGION_RATING_CLIENT_W_CITY']
2024-12-11 10:43:18,984 - INFO - Train shape: (171202, 61), Test shape: (61500, 60)
2024-12-11 10:43:18,984 - INFO - LGBM params: {'learning_rate': 0.1, 'num_leaves': 8, 'boosting_type': 'gbdt', 'colsample_bytree': 0.65, 'reg_alpha': 1, 'reg_lambda': 1, 'objective': 'binary'}
2024-12-11 10:43:19,088 - INFO - Fold 1
2024-12-11 10:43:24,449 - INFO - Fold 1 AUC: 0.7509
2024-12-11 10:43:24,451 - INFO - Fold 1 binary_logloss: 0.2478
2024-12-11 10:43:24,453 - INFO - Fold 2
2024-12-11 10:43:28,816 - INFO - Fold 2 AUC: 0.7513
2024-12-11 10:43:28,817 - INFO - Fold 2 binary_logloss: 0.2490
2024-12-11 10:43:28,819 - INFO - Fold 3
2024-12-11 10:43:35,237 - INFO - Fold 3 AUC: 0.7588
2024-12-11 10:43:35,238 - INFO - Fold 3 binary_logloss: 0.2456
2024-12-11 10:43:35,240 - INFO - Fold 4
2024-12-11 10:43:41,568 - INFO - Fold 4 AUC: 0.7494
2024-12-11 10:43:41,569 - INFO - Fold 4 binary_logloss: 0.2488
2024-12-11 10:43:41,571 - INFO - Fold 5
2024-12-11 10:43:46,954 - INFO - Fold 5 AUC: 0.7545
2024-12-11 10:43:46,955 - INFO - Fold 5 binary_logloss: 0.2475
2024-12-11 10:43:47,025 - INFO - Overall AUC: 0.7529
2024-12-11 10:43:47,025 - INFO - Overall binary_logloss: 0.2477
2024-12-11 10:43:47,803 - INFO - Submission saved to data/output/submission_2024-12-11-10-43.csv
2024-12-11 10:43:47,804 - INFO - Logs saved to logs/log_2024-12-11-10-43.log
