2024-12-10 11:54:10,885 - INFO - Data cleaned
2024-12-10 11:54:10,885 - INFO - Using features: ['EXT_SOURCE_1', 'EXT_SOURCE_2', 'EXT_SOURCE_3', 'NAME_CONTRACT_TYPE', 'AMT_INCOME_TOTAL', 'OWN_CAR_AGE', 'ORGANIZATION_TYPE', 'DAYS_EMPLOYED', 'FLAG_OWN_CAR', 'FLAG_OWN_REALTY']
2024-12-10 11:54:10,885 - INFO - Train shape: (171202, 51), Test shape: (61500, 50)
2024-12-10 11:54:10,885 - INFO - LGBM params: {'learning_rate': 0.1, 'num_leaves': 8, 'boosting_type': 'gbdt', 'colsample_bytree': 0.65, 'reg_alpha': 1, 'reg_lambda': 1, 'objective': 'binary'}
2024-12-10 11:54:10,967 - INFO - Fold 1
2024-12-10 11:54:13,315 - INFO - Fold 1 AUC: 0.7281
2024-12-10 11:54:13,315 - INFO - Fold 1 binary_logloss: 0.2537
2024-12-10 11:54:13,316 - INFO - Fold 2
2024-12-10 11:54:14,936 - INFO - Fold 2 AUC: 0.7263
2024-12-10 11:54:14,936 - INFO - Fold 2 binary_logloss: 0.2551
2024-12-10 11:54:14,937 - INFO - Fold 3
2024-12-10 11:54:16,932 - INFO - Fold 3 AUC: 0.7339
2024-12-10 11:54:16,932 - INFO - Fold 3 binary_logloss: 0.2526
2024-12-10 11:54:16,933 - INFO - Fold 4
2024-12-10 11:54:18,789 - INFO - Fold 4 AUC: 0.7245
2024-12-10 11:54:18,790 - INFO - Fold 4 binary_logloss: 0.2550
2024-12-10 11:54:18,791 - INFO - Fold 5
2024-12-10 11:54:20,796 - INFO - Fold 5 AUC: 0.7260
2024-12-10 11:54:20,797 - INFO - Fold 5 binary_logloss: 0.2549
2024-12-10 11:54:20,850 - INFO - Overall AUC: 0.7277
2024-12-10 11:54:20,850 - INFO - Overall binary_logloss: 0.2543
2024-12-10 11:54:20,941 - INFO - Submission saved to data/output/submission_2024-12-10-11-54.csv
2024-12-10 11:54:20,941 - INFO - Logs saved to logs/log_2024-12-10-11-54.log
