2024-12-11 09:58:46,577 - INFO - Data cleaned
2024-12-11 09:58:46,577 - INFO - Using features: ['EXT_SOURCE_1', 'EXT_SOURCE_2', 'EXT_SOURCE_3', 'NAME_CONTRACT_TYPE', 'AMT_INCOME_TOTAL', 'OWN_CAR_AGE', 'ORGANIZATION_TYPE', 'DAYS_EMPLOYED', 'CREDIT_INCOME_RATIO', 'ANNUITY_INCOME_RATIO', 'INCOME_PER_CHILD', 'INCOME_PER_FAM_MEMBER', 'CREDIT_TERM', 'DAYS_EMPLOYED_PERC', 'DAYS_REGISTRATION_PERC', 'DAYS_ID_PUBLISH_PERC', 'AGE_IN_YEARS', 'YEARS_EMPLOYED', 'DAYS_LAST_PHONE_CHANGE']
2024-12-11 09:58:46,578 - INFO - Train shape: (171202, 61), Test shape: (61500, 60)
2024-12-11 09:58:46,578 - INFO - LGBM params: {'learning_rate': 0.1, 'num_leaves': 8, 'boosting_type': 'gbdt', 'colsample_bytree': 0.65, 'reg_alpha': 1, 'reg_lambda': 1, 'objective': 'binary'}
2024-12-11 09:58:46,656 - INFO - Fold 1
2024-12-11 09:58:50,470 - INFO - Fold 1 AUC: 0.7484
2024-12-11 09:58:50,470 - INFO - Fold 1 binary_logloss: 0.2484
2024-12-11 09:58:50,472 - INFO - Fold 2
2024-12-11 09:58:54,879 - INFO - Fold 2 AUC: 0.7496
2024-12-11 09:58:54,880 - INFO - Fold 2 binary_logloss: 0.2493
2024-12-11 09:58:54,882 - INFO - Fold 3
2024-12-11 09:59:00,645 - INFO - Fold 3 AUC: 0.7551
2024-12-11 09:59:00,646 - INFO - Fold 3 binary_logloss: 0.2466
2024-12-11 09:59:00,649 - INFO - Fold 4
2024-12-11 09:59:04,731 - INFO - Fold 4 AUC: 0.7480
2024-12-11 09:59:04,732 - INFO - Fold 4 binary_logloss: 0.2492
2024-12-11 09:59:04,734 - INFO - Fold 5
2024-12-11 09:59:09,470 - INFO - Fold 5 AUC: 0.7506
2024-12-11 09:59:09,471 - INFO - Fold 5 binary_logloss: 0.2485
2024-12-11 09:59:09,532 - INFO - Overall AUC: 0.7503
2024-12-11 09:59:09,533 - INFO - Overall binary_logloss: 0.2484
2024-12-11 09:59:10,239 - INFO - Submission saved to data/output/submission_2024-12-11-09-59.csv
2024-12-11 09:59:10,240 - INFO - Logs saved to logs/log_2024-12-11-09-58.log
