2024-12-11 10:41:54,802 - INFO - Data cleaned
2024-12-11 10:41:54,802 - INFO - Using features: ['EXT_SOURCE_1', 'EXT_SOURCE_2', 'EXT_SOURCE_3', 'NAME_CONTRACT_TYPE', 'AMT_INCOME_TOTAL', 'OWN_CAR_AGE', 'ORGANIZATION_TYPE', 'DAYS_EMPLOYED', 'CREDIT_INCOME_RATIO', 'ANNUITY_INCOME_RATIO', 'INCOME_PER_CHILD', 'INCOME_PER_FAM_MEMBER', 'CREDIT_TERM', 'DAYS_EMPLOYED_PERC', 'DAYS_REGISTRATION_PERC', 'DAYS_ID_PUBLISH_PERC', 'AGE_IN_YEARS', 'YEARS_EMPLOYED', 'DAYS_LAST_PHONE_CHANGE', 'DEF_60_CNT_SOCIAL_CIRCLE', 'DEF_30_CNT_SOCIAL_CIRCLE', 'AMT_GOODS_PRICE', 'REGION_RATING_CLIENT']
2024-12-11 10:41:54,803 - INFO - Train shape: (171202, 61), Test shape: (61500, 60)
2024-12-11 10:41:54,803 - INFO - LGBM params: {'learning_rate': 0.1, 'num_leaves': 8, 'boosting_type': 'gbdt', 'colsample_bytree': 0.65, 'reg_alpha': 1, 'reg_lambda': 1, 'objective': 'binary'}
2024-12-11 10:41:54,882 - INFO - Fold 1
2024-12-11 10:41:59,293 - INFO - Fold 1 AUC: 0.7495
2024-12-11 10:41:59,294 - INFO - Fold 1 binary_logloss: 0.2481
2024-12-11 10:41:59,296 - INFO - Fold 2
2024-12-11 10:42:03,264 - INFO - Fold 2 AUC: 0.7499
2024-12-11 10:42:03,264 - INFO - Fold 2 binary_logloss: 0.2494
2024-12-11 10:42:03,266 - INFO - Fold 3
2024-12-11 10:42:10,096 - INFO - Fold 3 AUC: 0.7586
2024-12-11 10:42:10,097 - INFO - Fold 3 binary_logloss: 0.2458
2024-12-11 10:42:10,099 - INFO - Fold 4
2024-12-11 10:42:15,575 - INFO - Fold 4 AUC: 0.7504
2024-12-11 10:42:15,576 - INFO - Fold 4 binary_logloss: 0.2486
2024-12-11 10:42:15,579 - INFO - Fold 5
2024-12-11 10:42:20,396 - INFO - Fold 5 AUC: 0.7541
2024-12-11 10:42:20,397 - INFO - Fold 5 binary_logloss: 0.2478
2024-12-11 10:42:20,463 - INFO - Overall AUC: 0.7525
2024-12-11 10:42:20,463 - INFO - Overall binary_logloss: 0.2479
2024-12-11 10:42:21,135 - INFO - Submission saved to data/output/submission_2024-12-11-10-42.csv
2024-12-11 10:42:21,136 - INFO - Logs saved to logs/log_2024-12-11-10-41.log
