2024-12-11 12:10:35,527 - INFO - Data cleaned
2024-12-11 12:10:35,527 - INFO - Using features: ['EXT_SOURCE_1', 'EXT_SOURCE_2', 'EXT_SOURCE_3', 'NAME_CONTRACT_TYPE', 'AMT_INCOME_TOTAL', 'OWN_CAR_AGE', 'ORGANIZATION_TYPE', 'DAYS_EMPLOYED', 'CREDIT_INCOME_RATIO', 'ANNUITY_INCOME_RATIO', 'INCOME_PER_CHILD', 'INCOME_PER_FAM_MEMBER', 'CREDIT_TERM', 'DAYS_EMPLOYED_PERC', 'DAYS_REGISTRATION_PERC', 'DAYS_ID_PUBLISH_PERC', 'AGE_IN_YEARS', 'YEARS_EMPLOYED', 'DAYS_LAST_PHONE_CHANGE', 'DEF_60_CNT_SOCIAL_CIRCLE', 'DEF_30_CNT_SOCIAL_CIRCLE', 'AMT_GOODS_PRICE', 'REGION_RATING_CLIENT', 'REGION_RATING_CLIENT_W_CITY', 'REGION_POPULATION_RELATIVE', 'NAME_INCOME_TYPE']
2024-12-11 12:10:35,528 - INFO - Train shape: (171202, 61), Test shape: (61500, 60)
2024-12-11 12:10:35,528 - INFO - LGBM params: {'learning_rate': 0.1, 'num_leaves': 8, 'boosting_type': 'gbdt', 'colsample_bytree': 0.65, 'reg_alpha': 1, 'reg_lambda': 1, 'objective': 'binary'}
2024-12-11 12:10:35,639 - INFO - Fold 1
2024-12-11 12:10:42,972 - INFO - Fold 1 AUC: 0.7504
2024-12-11 12:10:42,973 - INFO - Fold 1 binary_logloss: 0.2478
2024-12-11 12:10:42,974 - INFO - Fold 2
2024-12-11 12:10:48,320 - INFO - Fold 2 AUC: 0.7517
2024-12-11 12:10:48,320 - INFO - Fold 2 binary_logloss: 0.2489
2024-12-11 12:10:48,323 - INFO - Fold 3
2024-12-11 12:10:56,371 - INFO - Fold 3 AUC: 0.7589
2024-12-11 12:10:56,372 - INFO - Fold 3 binary_logloss: 0.2456
2024-12-11 12:10:56,375 - INFO - Fold 4
2024-12-11 12:11:01,836 - INFO - Fold 4 AUC: 0.7496
2024-12-11 12:11:01,836 - INFO - Fold 4 binary_logloss: 0.2488
2024-12-11 12:11:01,838 - INFO - Fold 5
2024-12-11 12:11:09,776 - INFO - Fold 5 AUC: 0.7547
2024-12-11 12:11:09,778 - INFO - Fold 5 binary_logloss: 0.2476
2024-12-11 12:11:09,855 - INFO - Overall AUC: 0.7531
2024-12-11 12:11:09,855 - INFO - Overall binary_logloss: 0.2477
2024-12-11 12:11:10,790 - INFO - Submission saved to data/output/submission_2024-12-11-12-11.csv
2024-12-11 12:11:10,791 - INFO - Logs saved to logs/log_2024-12-11-12-10.log
