2024-12-11 10:37:20,144 - INFO - Data cleaned
2024-12-11 10:37:20,145 - INFO - Using features: ['EXT_SOURCE_1', 'EXT_SOURCE_2', 'EXT_SOURCE_3', 'NAME_CONTRACT_TYPE', 'AMT_INCOME_TOTAL', 'OWN_CAR_AGE', 'ORGANIZATION_TYPE', 'DAYS_EMPLOYED', 'CREDIT_INCOME_RATIO', 'ANNUITY_INCOME_RATIO', 'INCOME_PER_CHILD', 'INCOME_PER_FAM_MEMBER', 'CREDIT_TERM', 'DAYS_EMPLOYED_PERC', 'DAYS_REGISTRATION_PERC', 'DAYS_ID_PUBLISH_PERC', 'AGE_IN_YEARS', 'YEARS_EMPLOYED', 'DAYS_LAST_PHONE_CHANGE', 'DEF_60_CNT_SOCIAL_CIRCLE', 'DEF_30_CNT_SOCIAL_CIRCLE', 'AMT_GOODS_PRICE']
2024-12-11 10:37:20,145 - INFO - Train shape: (171202, 61), Test shape: (61500, 60)
2024-12-11 10:37:20,145 - INFO - LGBM params: {'learning_rate': 0.1, 'num_leaves': 8, 'boosting_type': 'gbdt', 'colsample_bytree': 0.65, 'reg_alpha': 1, 'reg_lambda': 1, 'objective': 'binary'}
2024-12-11 10:37:20,234 - INFO - Fold 1
2024-12-11 10:37:25,319 - INFO - Fold 1 AUC: 0.7502
2024-12-11 10:37:25,320 - INFO - Fold 1 binary_logloss: 0.2480
2024-12-11 10:37:25,322 - INFO - Fold 2
2024-12-11 10:37:28,732 - INFO - Fold 2 AUC: 0.7506
2024-12-11 10:37:28,733 - INFO - Fold 2 binary_logloss: 0.2491
2024-12-11 10:37:28,735 - INFO - Fold 3
2024-12-11 10:37:32,925 - INFO - Fold 3 AUC: 0.7574
2024-12-11 10:37:32,925 - INFO - Fold 3 binary_logloss: 0.2462
2024-12-11 10:37:32,927 - INFO - Fold 4
2024-12-11 10:37:38,451 - INFO - Fold 4 AUC: 0.7505
2024-12-11 10:37:38,451 - INFO - Fold 4 binary_logloss: 0.2484
2024-12-11 10:37:38,453 - INFO - Fold 5
2024-12-11 10:37:43,697 - INFO - Fold 5 AUC: 0.7540
2024-12-11 10:37:43,698 - INFO - Fold 5 binary_logloss: 0.2479
2024-12-11 10:37:43,759 - INFO - Overall AUC: 0.7525
2024-12-11 10:37:43,760 - INFO - Overall binary_logloss: 0.2479
2024-12-11 10:37:44,391 - INFO - Submission saved to data/output/submission_2024-12-11-10-37.csv
2024-12-11 10:37:44,391 - INFO - Logs saved to logs/log_2024-12-11-10-37.log
