2024-12-11 12:27:06,263 - INFO - Data cleaned
2024-12-11 12:27:06,265 - INFO - Using features: ['EXT_SOURCE_1', 'EXT_SOURCE_2', 'EXT_SOURCE_3', 'NAME_CONTRACT_TYPE', 'AMT_INCOME_TOTAL', 'OWN_CAR_AGE', 'ORGANIZATION_TYPE', 'DAYS_EMPLOYED', 'CREDIT_INCOME_RATIO', 'ANNUITY_INCOME_RATIO', 'INCOME_PER_CHILD', 'INCOME_PER_FAM_MEMBER', 'CREDIT_TERM', 'DAYS_EMPLOYED_PERC', 'DAYS_REGISTRATION_PERC', 'DAYS_ID_PUBLISH_PERC', 'AGE_IN_YEARS', 'YEARS_EMPLOYED', 'DAYS_LAST_PHONE_CHANGE', 'DEF_60_CNT_SOCIAL_CIRCLE', 'DEF_30_CNT_SOCIAL_CIRCLE', 'AMT_GOODS_PRICE', 'REGION_RATING_CLIENT', 'REGION_RATING_CLIENT_W_CITY', 'REGION_POPULATION_RELATIVE', 'NAME_INCOME_TYPE', 'NAME_EDUCATION_TYPE', 'NAME_FAMILY_STATUS']
2024-12-11 12:27:06,265 - INFO - Train shape: (171202, 61), Test shape: (61500, 60)
2024-12-11 12:27:06,265 - INFO - LGBM params: {'learning_rate': 0.1, 'num_leaves': 8, 'boosting_type': 'gbdt', 'colsample_bytree': 0.65, 'reg_alpha': 1, 'reg_lambda': 1, 'objective': 'binary'}
2024-12-11 12:27:06,528 - INFO - Fold 1
2024-12-11 12:27:14,149 - INFO - Fold 1 AUC: 0.7527
2024-12-11 12:27:14,150 - INFO - Fold 1 binary_logloss: 0.2473
2024-12-11 12:27:14,153 - INFO - Fold 2
2024-12-11 12:27:21,096 - INFO - Fold 2 AUC: 0.7548
2024-12-11 12:27:21,097 - INFO - Fold 2 binary_logloss: 0.2483
2024-12-11 12:27:21,098 - INFO - Fold 3
2024-12-11 12:27:28,791 - INFO - Fold 3 AUC: 0.7606
2024-12-11 12:27:28,793 - INFO - Fold 3 binary_logloss: 0.2452
2024-12-11 12:27:28,799 - INFO - Fold 4
2024-12-11 12:27:35,354 - INFO - Fold 4 AUC: 0.7522
2024-12-11 12:27:35,355 - INFO - Fold 4 binary_logloss: 0.2481
2024-12-11 12:27:35,357 - INFO - Fold 5
2024-12-11 12:27:41,656 - INFO - Fold 5 AUC: 0.7568
2024-12-11 12:27:41,657 - INFO - Fold 5 binary_logloss: 0.2471
2024-12-11 12:27:41,735 - INFO - Overall AUC: 0.7554
2024-12-11 12:27:41,736 - INFO - Overall binary_logloss: 0.2472
2024-12-11 12:27:42,600 - INFO - Submission saved to data/output/submission_2024-12-11-12-27.csv
2024-12-11 12:27:42,600 - INFO - Logs saved to logs/log_2024-12-11-12-27.log
