2024-12-10 13:57:59,717 - INFO - Data cleaned
2024-12-10 13:57:59,717 - INFO - Using features: ['EXT_SOURCE_1', 'EXT_SOURCE_2', 'EXT_SOURCE_3', 'NAME_CONTRACT_TYPE', 'AMT_INCOME_TOTAL', 'OWN_CAR_AGE', 'ORGANIZATION_TYPE', 'DAYS_EMPLOYED', 'FLAG_OWN_CAR', 'FLAG_OWN_REALTY', 'CREDIT_INCOME_RATIO', 'ANNUITY_INCOME_RATIO', 'INCOME_PER_CHILD', 'INCOME_PER_FAM_MEMBER', 'CREDIT_TERM', 'DAYS_EMPLOYED_PERC', 'DAYS_REGISTRATION_PERC', 'DAYS_ID_PUBLISH_PERC', 'AGE_IN_YEARS', 'YEARS_EMPLOYED']
2024-12-10 13:57:59,717 - INFO - Train shape: (171202, 61), Test shape: (61500, 60)
2024-12-10 13:57:59,718 - INFO - LGBM params: {'learning_rate': 0.1, 'num_leaves': 8, 'boosting_type': 'gbdt', 'colsample_bytree': 0.65, 'reg_alpha': 1, 'reg_lambda': 1, 'objective': 'binary'}
2024-12-10 13:57:59,791 - INFO - Fold 1
2024-12-10 13:58:03,519 - INFO - Fold 1 AUC: 0.7484
2024-12-10 13:58:03,519 - INFO - Fold 1 binary_logloss: 0.2484
2024-12-10 13:58:03,521 - INFO - Fold 2
2024-12-10 13:58:06,959 - INFO - Fold 2 AUC: 0.7500
2024-12-10 13:58:06,960 - INFO - Fold 2 binary_logloss: 0.2493
2024-12-10 13:58:06,961 - INFO - Fold 3
2024-12-10 13:58:11,255 - INFO - Fold 3 AUC: 0.7544
2024-12-10 13:58:11,256 - INFO - Fold 3 binary_logloss: 0.2468
2024-12-10 13:58:11,257 - INFO - Fold 4
2024-12-10 13:58:14,687 - INFO - Fold 4 AUC: 0.7455
2024-12-10 13:58:14,687 - INFO - Fold 4 binary_logloss: 0.2498
2024-12-10 13:58:14,688 - INFO - Fold 5
2024-12-10 13:58:18,815 - INFO - Fold 5 AUC: 0.7507
2024-12-10 13:58:18,815 - INFO - Fold 5 binary_logloss: 0.2487
2024-12-10 13:58:18,869 - INFO - Overall AUC: 0.7498
2024-12-10 13:58:18,870 - INFO - Overall binary_logloss: 0.2486
2024-12-10 13:58:19,362 - INFO - Submission saved to data/output/submission_2024-12-10-13-58.csv
2024-12-10 13:58:19,362 - INFO - Logs saved to logs/log_2024-12-10-13-57.log
