2024-12-11 12:14:02,743 - INFO - Data cleaned
2024-12-11 12:14:02,744 - INFO - Using features: ['EXT_SOURCE_1', 'EXT_SOURCE_2', 'EXT_SOURCE_3', 'NAME_CONTRACT_TYPE', 'AMT_INCOME_TOTAL', 'OWN_CAR_AGE', 'ORGANIZATION_TYPE', 'DAYS_EMPLOYED', 'CREDIT_INCOME_RATIO', 'ANNUITY_INCOME_RATIO', 'INCOME_PER_CHILD', 'INCOME_PER_FAM_MEMBER', 'CREDIT_TERM', 'DAYS_EMPLOYED_PERC', 'DAYS_REGISTRATION_PERC', 'DAYS_ID_PUBLISH_PERC', 'AGE_IN_YEARS', 'YEARS_EMPLOYED', 'DAYS_LAST_PHONE_CHANGE', 'DEF_60_CNT_SOCIAL_CIRCLE', 'DEF_30_CNT_SOCIAL_CIRCLE', 'AMT_GOODS_PRICE', 'REGION_RATING_CLIENT', 'REGION_RATING_CLIENT_W_CITY', 'REGION_POPULATION_RELATIVE', 'NAME_INCOME_TYPE', 'NAME_EDUCATION_TYPE']
2024-12-11 12:14:02,745 - INFO - Train shape: (171202, 61), Test shape: (61500, 60)
2024-12-11 12:14:02,746 - INFO - LGBM params: {'learning_rate': 0.1, 'num_leaves': 8, 'boosting_type': 'gbdt', 'colsample_bytree': 0.65, 'reg_alpha': 1, 'reg_lambda': 1, 'objective': 'binary'}
2024-12-11 12:14:02,935 - INFO - Fold 1
2024-12-11 12:14:09,947 - INFO - Fold 1 AUC: 0.7530
2024-12-11 12:14:09,950 - INFO - Fold 1 binary_logloss: 0.2473
2024-12-11 12:14:09,953 - INFO - Fold 2
2024-12-11 12:14:17,053 - INFO - Fold 2 AUC: 0.7548
2024-12-11 12:14:17,054 - INFO - Fold 2 binary_logloss: 0.2483
2024-12-11 12:14:17,057 - INFO - Fold 3
2024-12-11 12:14:25,071 - INFO - Fold 3 AUC: 0.7610
2024-12-11 12:14:25,072 - INFO - Fold 3 binary_logloss: 0.2450
2024-12-11 12:14:25,074 - INFO - Fold 4
2024-12-11 12:14:34,268 - INFO - Fold 4 AUC: 0.7507
2024-12-11 12:14:34,269 - INFO - Fold 4 binary_logloss: 0.2485
2024-12-11 12:14:34,272 - INFO - Fold 5
2024-12-11 12:14:42,144 - INFO - Fold 5 AUC: 0.7556
2024-12-11 12:14:42,145 - INFO - Fold 5 binary_logloss: 0.2471
2024-12-11 12:14:42,219 - INFO - Overall AUC: 0.7549
2024-12-11 12:14:42,220 - INFO - Overall binary_logloss: 0.2472
2024-12-11 12:14:43,148 - INFO - Submission saved to data/output/submission_2024-12-11-12-14.csv
2024-12-11 12:14:43,148 - INFO - Logs saved to logs/log_2024-12-11-12-14.log
