2024-12-11 10:53:47,546 - INFO - Data cleaned
2024-12-11 10:53:47,547 - INFO - Using features: ['EXT_SOURCE_1', 'EXT_SOURCE_2', 'EXT_SOURCE_3', 'NAME_CONTRACT_TYPE', 'AMT_INCOME_TOTAL', 'OWN_CAR_AGE', 'ORGANIZATION_TYPE', 'DAYS_EMPLOYED', 'CREDIT_INCOME_RATIO', 'ANNUITY_INCOME_RATIO', 'INCOME_PER_CHILD', 'INCOME_PER_FAM_MEMBER', 'CREDIT_TERM', 'DAYS_EMPLOYED_PERC', 'DAYS_REGISTRATION_PERC', 'DAYS_ID_PUBLISH_PERC', 'AGE_IN_YEARS', 'YEARS_EMPLOYED', 'DAYS_LAST_PHONE_CHANGE', 'DEF_60_CNT_SOCIAL_CIRCLE', 'DEF_30_CNT_SOCIAL_CIRCLE', 'AMT_GOODS_PRICE', 'REGION_RATING_CLIENT', 'REGION_RATING_CLIENT_W_CITY', 'REGION_POPULATION_RELATIVE']
2024-12-11 10:53:47,548 - INFO - Train shape: (171202, 61), Test shape: (61500, 60)
2024-12-11 10:53:47,548 - INFO - LGBM params: {'learning_rate': 0.1, 'num_leaves': 8, 'boosting_type': 'gbdt', 'colsample_bytree': 0.65, 'reg_alpha': 1, 'reg_lambda': 1, 'objective': 'binary'}
2024-12-11 10:53:47,654 - INFO - Fold 1
2024-12-11 10:53:54,110 - INFO - Fold 1 AUC: 0.7506
2024-12-11 10:53:54,117 - INFO - Fold 1 binary_logloss: 0.2479
2024-12-11 10:53:54,123 - INFO - Fold 2
2024-12-11 10:53:58,760 - INFO - Fold 2 AUC: 0.7510
2024-12-11 10:53:58,761 - INFO - Fold 2 binary_logloss: 0.2491
2024-12-11 10:53:58,762 - INFO - Fold 3
2024-12-11 10:54:09,132 - INFO - Fold 3 AUC: 0.7582
2024-12-11 10:54:09,137 - INFO - Fold 3 binary_logloss: 0.2458
2024-12-11 10:54:09,141 - INFO - Fold 4
2024-12-11 10:54:16,008 - INFO - Fold 4 AUC: 0.7494
2024-12-11 10:54:16,011 - INFO - Fold 4 binary_logloss: 0.2489
2024-12-11 10:54:16,014 - INFO - Fold 5
2024-12-11 10:54:25,368 - INFO - Fold 5 AUC: 0.7536
2024-12-11 10:54:25,370 - INFO - Fold 5 binary_logloss: 0.2476
2024-12-11 10:54:25,484 - INFO - Overall AUC: 0.7525
2024-12-11 10:54:25,485 - INFO - Overall binary_logloss: 0.2479
2024-12-11 10:54:26,949 - INFO - Submission saved to data/output/submission_2024-12-11-10-54.csv
2024-12-11 10:54:26,951 - INFO - Logs saved to logs/log_2024-12-11-10-53.log
