2024-12-11 12:20:03,494 - INFO - Data cleaned
2024-12-11 12:20:03,495 - INFO - Using features: ['EXT_SOURCE_1', 'EXT_SOURCE_2', 'EXT_SOURCE_3', 'NAME_CONTRACT_TYPE', 'AMT_INCOME_TOTAL', 'OWN_CAR_AGE', 'ORGANIZATION_TYPE', 'DAYS_EMPLOYED', 'CREDIT_INCOME_RATIO', 'ANNUITY_INCOME_RATIO', 'INCOME_PER_CHILD', 'INCOME_PER_FAM_MEMBER', 'CREDIT_TERM', 'DAYS_EMPLOYED_PERC', 'DAYS_REGISTRATION_PERC', 'DAYS_ID_PUBLISH_PERC', 'AGE_IN_YEARS', 'YEARS_EMPLOYED', 'DAYS_LAST_PHONE_CHANGE', 'DEF_60_CNT_SOCIAL_CIRCLE', 'DEF_30_CNT_SOCIAL_CIRCLE', 'AMT_GOODS_PRICE', 'REGION_RATING_CLIENT', 'REGION_RATING_CLIENT_W_CITY', 'REGION_POPULATION_RELATIVE', 'NAME_INCOME_TYPE', 'NAME_EDUCATION_TYPE', 'FLAG_EMP_PHONE']
2024-12-11 12:20:03,495 - INFO - Train shape: (171202, 61), Test shape: (61500, 60)
2024-12-11 12:20:03,496 - INFO - LGBM params: {'learning_rate': 0.1, 'num_leaves': 8, 'boosting_type': 'gbdt', 'colsample_bytree': 0.65, 'reg_alpha': 1, 'reg_lambda': 1, 'objective': 'binary'}
2024-12-11 12:20:03,659 - INFO - Fold 1
2024-12-11 12:20:10,300 - INFO - Fold 1 AUC: 0.7528
2024-12-11 12:20:10,301 - INFO - Fold 1 binary_logloss: 0.2473
2024-12-11 12:20:10,304 - INFO - Fold 2
2024-12-11 12:20:15,684 - INFO - Fold 2 AUC: 0.7530
2024-12-11 12:20:15,685 - INFO - Fold 2 binary_logloss: 0.2488
2024-12-11 12:20:15,687 - INFO - Fold 3
2024-12-11 12:20:23,265 - INFO - Fold 3 AUC: 0.7599
2024-12-11 12:20:23,266 - INFO - Fold 3 binary_logloss: 0.2453
2024-12-11 12:20:23,269 - INFO - Fold 4
2024-12-11 12:20:30,636 - INFO - Fold 4 AUC: 0.7509
2024-12-11 12:20:30,637 - INFO - Fold 4 binary_logloss: 0.2484
2024-12-11 12:20:30,640 - INFO - Fold 5
2024-12-11 12:20:37,547 - INFO - Fold 5 AUC: 0.7557
2024-12-11 12:20:37,548 - INFO - Fold 5 binary_logloss: 0.2473
2024-12-11 12:20:37,617 - INFO - Overall AUC: 0.7544
2024-12-11 12:20:37,618 - INFO - Overall binary_logloss: 0.2474
2024-12-11 12:20:38,593 - INFO - Submission saved to data/output/submission_2024-12-11-12-20.csv
2024-12-11 12:20:38,594 - INFO - Logs saved to logs/log_2024-12-11-12-20.log
