2024-12-11 10:27:33,699 - INFO - Data cleaned
2024-12-11 10:27:33,699 - INFO - Using features: ['EXT_SOURCE_1', 'EXT_SOURCE_2', 'EXT_SOURCE_3', 'NAME_CONTRACT_TYPE', 'AMT_INCOME_TOTAL', 'OWN_CAR_AGE', 'ORGANIZATION_TYPE', 'DAYS_EMPLOYED', 'CREDIT_INCOME_RATIO', 'ANNUITY_INCOME_RATIO', 'INCOME_PER_CHILD', 'INCOME_PER_FAM_MEMBER', 'CREDIT_TERM', 'DAYS_EMPLOYED_PERC', 'DAYS_REGISTRATION_PERC', 'DAYS_ID_PUBLISH_PERC', 'AGE_IN_YEARS', 'YEARS_EMPLOYED', 'DAYS_LAST_PHONE_CHANGE', 'DEF_60_CNT_SOCIAL_CIRCLE', 'DEF_30_CNT_SOCIAL_CIRCLE', 'OBS_30_CNT_SOCIAL_CIRCLE']
2024-12-11 10:27:33,699 - INFO - Train shape: (171202, 61), Test shape: (61500, 60)
2024-12-11 10:27:33,700 - INFO - LGBM params: {'learning_rate': 0.1, 'num_leaves': 8, 'boosting_type': 'gbdt', 'colsample_bytree': 0.65, 'reg_alpha': 1, 'reg_lambda': 1, 'objective': 'binary'}
2024-12-11 10:27:33,782 - INFO - Fold 1
2024-12-11 10:27:39,490 - INFO - Fold 1 AUC: 0.7490
2024-12-11 10:27:39,491 - INFO - Fold 1 binary_logloss: 0.2482
2024-12-11 10:27:39,493 - INFO - Fold 2
2024-12-11 10:27:45,317 - INFO - Fold 2 AUC: 0.7503
2024-12-11 10:27:45,317 - INFO - Fold 2 binary_logloss: 0.2492
2024-12-11 10:27:45,319 - INFO - Fold 3
2024-12-11 10:27:54,242 - INFO - Fold 3 AUC: 0.7555
2024-12-11 10:27:54,244 - INFO - Fold 3 binary_logloss: 0.2464
2024-12-11 10:27:54,247 - INFO - Fold 4
2024-12-11 10:27:59,136 - INFO - Fold 4 AUC: 0.7485
2024-12-11 10:27:59,136 - INFO - Fold 4 binary_logloss: 0.2491
2024-12-11 10:27:59,138 - INFO - Fold 5
2024-12-11 10:28:04,004 - INFO - Fold 5 AUC: 0.7513
2024-12-11 10:28:04,008 - INFO - Fold 5 binary_logloss: 0.2484
2024-12-11 10:28:04,088 - INFO - Overall AUC: 0.7509
2024-12-11 10:28:04,088 - INFO - Overall binary_logloss: 0.2483
2024-12-11 10:28:04,844 - INFO - Submission saved to data/output/submission_2024-12-11-10-28.csv
2024-12-11 10:28:04,844 - INFO - Logs saved to logs/log_2024-12-11-10-27.log
