2024-12-11 10:28:33,432 - INFO - Data cleaned
2024-12-11 10:28:33,433 - INFO - Using features: ['EXT_SOURCE_1', 'EXT_SOURCE_2', 'EXT_SOURCE_3', 'NAME_CONTRACT_TYPE', 'AMT_INCOME_TOTAL', 'OWN_CAR_AGE', 'ORGANIZATION_TYPE', 'DAYS_EMPLOYED', 'CREDIT_INCOME_RATIO', 'ANNUITY_INCOME_RATIO', 'INCOME_PER_CHILD', 'INCOME_PER_FAM_MEMBER', 'CREDIT_TERM', 'DAYS_EMPLOYED_PERC', 'DAYS_REGISTRATION_PERC', 'DAYS_ID_PUBLISH_PERC', 'AGE_IN_YEARS', 'YEARS_EMPLOYED', 'DAYS_LAST_PHONE_CHANGE', 'DEF_60_CNT_SOCIAL_CIRCLE', 'DEF_30_CNT_SOCIAL_CIRCLE', 'OBS_30_CNT_SOCIAL_CIRCLE', 'OBS_60_CNT_SOCIAL_CIRCLE']
2024-12-11 10:28:33,433 - INFO - Train shape: (171202, 61), Test shape: (61500, 60)
2024-12-11 10:28:33,434 - INFO - LGBM params: {'learning_rate': 0.1, 'num_leaves': 8, 'boosting_type': 'gbdt', 'colsample_bytree': 0.65, 'reg_alpha': 1, 'reg_lambda': 1, 'objective': 'binary'}
2024-12-11 10:28:33,551 - INFO - Fold 1
2024-12-11 10:28:38,765 - INFO - Fold 1 AUC: 0.7478
2024-12-11 10:28:38,765 - INFO - Fold 1 binary_logloss: 0.2486
2024-12-11 10:28:38,767 - INFO - Fold 2
2024-12-11 10:28:45,035 - INFO - Fold 2 AUC: 0.7501
2024-12-11 10:28:45,036 - INFO - Fold 2 binary_logloss: 0.2494
2024-12-11 10:28:45,038 - INFO - Fold 3
2024-12-11 10:28:50,818 - INFO - Fold 3 AUC: 0.7567
2024-12-11 10:28:50,819 - INFO - Fold 3 binary_logloss: 0.2464
2024-12-11 10:28:50,822 - INFO - Fold 4
2024-12-11 10:28:57,809 - INFO - Fold 4 AUC: 0.7483
2024-12-11 10:28:57,810 - INFO - Fold 4 binary_logloss: 0.2492
2024-12-11 10:28:57,813 - INFO - Fold 5
2024-12-11 10:29:03,036 - INFO - Fold 5 AUC: 0.7507
2024-12-11 10:29:03,038 - INFO - Fold 5 binary_logloss: 0.2485
2024-12-11 10:29:03,115 - INFO - Overall AUC: 0.7507
2024-12-11 10:29:03,116 - INFO - Overall binary_logloss: 0.2484
2024-12-11 10:29:03,923 - INFO - Submission saved to data/output/submission_2024-12-11-10-29.csv
2024-12-11 10:29:03,923 - INFO - Logs saved to logs/log_2024-12-11-10-28.log
