2024-12-11 10:29:22,162 - INFO - Data cleaned
2024-12-11 10:29:22,163 - INFO - Using features: ['EXT_SOURCE_1', 'EXT_SOURCE_2', 'EXT_SOURCE_3', 'NAME_CONTRACT_TYPE', 'AMT_INCOME_TOTAL', 'OWN_CAR_AGE', 'ORGANIZATION_TYPE', 'DAYS_EMPLOYED', 'CREDIT_INCOME_RATIO', 'ANNUITY_INCOME_RATIO', 'INCOME_PER_CHILD', 'INCOME_PER_FAM_MEMBER', 'CREDIT_TERM', 'DAYS_EMPLOYED_PERC', 'DAYS_REGISTRATION_PERC', 'DAYS_ID_PUBLISH_PERC', 'AGE_IN_YEARS', 'YEARS_EMPLOYED', 'DAYS_LAST_PHONE_CHANGE', 'OBS_30_CNT_SOCIAL_CIRCLE', 'OBS_60_CNT_SOCIAL_CIRCLE']
2024-12-11 10:29:22,163 - INFO - Train shape: (171202, 61), Test shape: (61500, 60)
2024-12-11 10:29:22,163 - INFO - LGBM params: {'learning_rate': 0.1, 'num_leaves': 8, 'boosting_type': 'gbdt', 'colsample_bytree': 0.65, 'reg_alpha': 1, 'reg_lambda': 1, 'objective': 'binary'}
2024-12-11 10:29:22,250 - INFO - Fold 1
2024-12-11 10:29:27,466 - INFO - Fold 1 AUC: 0.7483
2024-12-11 10:29:27,467 - INFO - Fold 1 binary_logloss: 0.2484
2024-12-11 10:29:27,469 - INFO - Fold 2
2024-12-11 10:29:32,519 - INFO - Fold 2 AUC: 0.7495
2024-12-11 10:29:32,520 - INFO - Fold 2 binary_logloss: 0.2493
2024-12-11 10:29:32,522 - INFO - Fold 3
2024-12-11 10:29:37,894 - INFO - Fold 3 AUC: 0.7548
2024-12-11 10:29:37,895 - INFO - Fold 3 binary_logloss: 0.2467
2024-12-11 10:29:37,897 - INFO - Fold 4
2024-12-11 10:29:43,538 - INFO - Fold 4 AUC: 0.7463
2024-12-11 10:29:43,539 - INFO - Fold 4 binary_logloss: 0.2498
2024-12-11 10:29:43,542 - INFO - Fold 5
2024-12-11 10:29:49,282 - INFO - Fold 5 AUC: 0.7504
2024-12-11 10:29:49,283 - INFO - Fold 5 binary_logloss: 0.2485
2024-12-11 10:29:49,397 - INFO - Overall AUC: 0.7498
2024-12-11 10:29:49,397 - INFO - Overall binary_logloss: 0.2485
2024-12-11 10:29:50,117 - INFO - Submission saved to data/output/submission_2024-12-11-10-29.csv
2024-12-11 10:29:50,117 - INFO - Logs saved to logs/log_2024-12-11-10-29.log
