2024-12-11 10:22:12,967 - INFO - Data cleaned
2024-12-11 10:22:12,967 - INFO - Using features: ['EXT_SOURCE_1', 'EXT_SOURCE_2', 'EXT_SOURCE_3', 'NAME_CONTRACT_TYPE', 'AMT_INCOME_TOTAL', 'OWN_CAR_AGE', 'ORGANIZATION_TYPE', 'DAYS_EMPLOYED', 'CREDIT_INCOME_RATIO', 'ANNUITY_INCOME_RATIO', 'INCOME_PER_CHILD', 'INCOME_PER_FAM_MEMBER', 'CREDIT_TERM', 'DAYS_EMPLOYED_PERC', 'DAYS_REGISTRATION_PERC', 'DAYS_ID_PUBLISH_PERC', 'AGE_IN_YEARS', 'YEARS_EMPLOYED', 'DAYS_LAST_PHONE_CHANGE', 'DEF_60_CNT_SOCIAL_CIRCLE']
2024-12-11 10:22:12,967 - INFO - Train shape: (171202, 61), Test shape: (61500, 60)
2024-12-11 10:22:12,968 - INFO - LGBM params: {'learning_rate': 0.1, 'num_leaves': 8, 'boosting_type': 'gbdt', 'colsample_bytree': 0.65, 'reg_alpha': 1, 'reg_lambda': 1, 'objective': 'binary'}
2024-12-11 10:22:13,076 - INFO - Fold 1
2024-12-11 10:22:17,498 - INFO - Fold 1 AUC: 0.7483
2024-12-11 10:22:17,500 - INFO - Fold 1 binary_logloss: 0.2484
2024-12-11 10:22:17,501 - INFO - Fold 2
2024-12-11 10:22:22,317 - INFO - Fold 2 AUC: 0.7499
2024-12-11 10:22:22,319 - INFO - Fold 2 binary_logloss: 0.2494
2024-12-11 10:22:22,320 - INFO - Fold 3
2024-12-11 10:22:26,541 - INFO - Fold 3 AUC: 0.7544
2024-12-11 10:22:26,541 - INFO - Fold 3 binary_logloss: 0.2468
2024-12-11 10:22:26,544 - INFO - Fold 4
2024-12-11 10:22:32,512 - INFO - Fold 4 AUC: 0.7500
2024-12-11 10:22:32,513 - INFO - Fold 4 binary_logloss: 0.2490
2024-12-11 10:22:32,515 - INFO - Fold 5
2024-12-11 10:22:37,536 - INFO - Fold 5 AUC: 0.7500
2024-12-11 10:22:37,537 - INFO - Fold 5 binary_logloss: 0.2485
2024-12-11 10:22:37,601 - INFO - Overall AUC: 0.7505
2024-12-11 10:22:37,601 - INFO - Overall binary_logloss: 0.2484
2024-12-11 10:22:38,189 - INFO - Submission saved to data/output/submission_2024-12-11-10-22.csv
2024-12-11 10:22:38,189 - INFO - Logs saved to logs/log_2024-12-11-10-22.log
