2024-12-11 09:52:00,182 - INFO - Data cleaned
2024-12-11 09:52:00,182 - INFO - Using features: ['EXT_SOURCE_1', 'EXT_SOURCE_2', 'EXT_SOURCE_3', 'NAME_CONTRACT_TYPE', 'AMT_INCOME_TOTAL', 'OWN_CAR_AGE', 'ORGANIZATION_TYPE', 'DAYS_EMPLOYED', 'FLAG_OWN_CAR', 'FLAG_OWN_REALTY', 'CREDIT_INCOME_RATIO', 'ANNUITY_INCOME_RATIO', 'INCOME_PER_CHILD', 'INCOME_PER_FAM_MEMBER', 'CREDIT_TERM', 'DAYS_EMPLOYED_PERC', 'DAYS_REGISTRATION_PERC', 'DAYS_ID_PUBLISH_PERC', 'AGE_IN_YEARS', 'YEARS_EMPLOYED', 'DAYS_LAST_PHONE_CHANGE']
2024-12-11 09:52:00,182 - INFO - Train shape: (171202, 61), Test shape: (61500, 60)
2024-12-11 09:52:00,183 - INFO - LGBM params: {'learning_rate': 0.1, 'num_leaves': 8, 'boosting_type': 'gbdt', 'colsample_bytree': 0.65, 'reg_alpha': 1, 'reg_lambda': 1, 'objective': 'binary'}
2024-12-11 09:52:00,314 - INFO - Fold 1
2024-12-11 09:52:05,523 - INFO - Fold 1 AUC: 0.7476
2024-12-11 09:52:05,526 - INFO - Fold 1 binary_logloss: 0.2485
2024-12-11 09:52:05,527 - INFO - Fold 2
2024-12-11 09:52:10,368 - INFO - Fold 2 AUC: 0.7496
2024-12-11 09:52:10,371 - INFO - Fold 2 binary_logloss: 0.2493
2024-12-11 09:52:10,373 - INFO - Fold 3
2024-12-11 09:52:18,156 - INFO - Fold 3 AUC: 0.7548
2024-12-11 09:52:18,157 - INFO - Fold 3 binary_logloss: 0.2466
2024-12-11 09:52:18,159 - INFO - Fold 4
2024-12-11 09:52:23,095 - INFO - Fold 4 AUC: 0.7463
2024-12-11 09:52:23,095 - INFO - Fold 4 binary_logloss: 0.2497
2024-12-11 09:52:23,097 - INFO - Fold 5
2024-12-11 09:52:28,503 - INFO - Fold 5 AUC: 0.7499
2024-12-11 09:52:28,503 - INFO - Fold 5 binary_logloss: 0.2488
2024-12-11 09:52:28,572 - INFO - Overall AUC: 0.7496
2024-12-11 09:52:28,572 - INFO - Overall binary_logloss: 0.2486
2024-12-11 09:52:29,365 - INFO - Submission saved to data/output/submission_2024-12-11-09-52.csv
2024-12-11 09:52:29,365 - INFO - Logs saved to logs/log_2024-12-11-09-51.log
