2024-12-11 10:44:09,539 - INFO - Data cleaned
2024-12-11 10:44:09,540 - INFO - Using features: ['EXT_SOURCE_1', 'EXT_SOURCE_2', 'EXT_SOURCE_3', 'NAME_CONTRACT_TYPE', 'AMT_INCOME_TOTAL', 'OWN_CAR_AGE', 'ORGANIZATION_TYPE', 'DAYS_EMPLOYED', 'CREDIT_INCOME_RATIO', 'ANNUITY_INCOME_RATIO', 'INCOME_PER_CHILD', 'INCOME_PER_FAM_MEMBER', 'CREDIT_TERM', 'DAYS_EMPLOYED_PERC', 'DAYS_REGISTRATION_PERC', 'DAYS_ID_PUBLISH_PERC', 'AGE_IN_YEARS', 'YEARS_EMPLOYED', 'DAYS_LAST_PHONE_CHANGE', 'DEF_60_CNT_SOCIAL_CIRCLE', 'DEF_30_CNT_SOCIAL_CIRCLE', 'AMT_GOODS_PRICE', 'REGION_RATING_CLIENT_W_CITY']
2024-12-11 10:44:09,540 - INFO - Train shape: (171202, 61), Test shape: (61500, 60)
2024-12-11 10:44:09,541 - INFO - LGBM params: {'learning_rate': 0.1, 'num_leaves': 8, 'boosting_type': 'gbdt', 'colsample_bytree': 0.65, 'reg_alpha': 1, 'reg_lambda': 1, 'objective': 'binary'}
2024-12-11 10:44:09,623 - INFO - Fold 1
2024-12-11 10:44:15,316 - INFO - Fold 1 AUC: 0.7508
2024-12-11 10:44:15,317 - INFO - Fold 1 binary_logloss: 0.2478
2024-12-11 10:44:15,320 - INFO - Fold 2
2024-12-11 10:44:20,273 - INFO - Fold 2 AUC: 0.7513
2024-12-11 10:44:20,274 - INFO - Fold 2 binary_logloss: 0.2491
2024-12-11 10:44:20,276 - INFO - Fold 3
2024-12-11 10:44:25,141 - INFO - Fold 3 AUC: 0.7582
2024-12-11 10:44:25,142 - INFO - Fold 3 binary_logloss: 0.2459
2024-12-11 10:44:25,144 - INFO - Fold 4
2024-12-11 10:44:30,256 - INFO - Fold 4 AUC: 0.7502
2024-12-11 10:44:30,257 - INFO - Fold 4 binary_logloss: 0.2486
2024-12-11 10:44:30,259 - INFO - Fold 5
2024-12-11 10:44:35,749 - INFO - Fold 5 AUC: 0.7536
2024-12-11 10:44:35,750 - INFO - Fold 5 binary_logloss: 0.2478
2024-12-11 10:44:35,832 - INFO - Overall AUC: 0.7528
2024-12-11 10:44:35,833 - INFO - Overall binary_logloss: 0.2478
2024-12-11 10:44:36,710 - INFO - Submission saved to data/output/submission_2024-12-11-10-44.csv
2024-12-11 10:44:36,710 - INFO - Logs saved to logs/log_2024-12-11-10-44.log
