2024-12-11 12:22:17,806 - INFO - Data cleaned
2024-12-11 12:22:17,807 - INFO - Using features: ['EXT_SOURCE_1', 'EXT_SOURCE_2', 'EXT_SOURCE_3', 'NAME_CONTRACT_TYPE', 'AMT_INCOME_TOTAL', 'OWN_CAR_AGE', 'ORGANIZATION_TYPE', 'DAYS_EMPLOYED', 'CREDIT_INCOME_RATIO', 'ANNUITY_INCOME_RATIO', 'INCOME_PER_CHILD', 'INCOME_PER_FAM_MEMBER', 'CREDIT_TERM', 'DAYS_EMPLOYED_PERC', 'DAYS_REGISTRATION_PERC', 'DAYS_ID_PUBLISH_PERC', 'AGE_IN_YEARS', 'YEARS_EMPLOYED', 'DAYS_LAST_PHONE_CHANGE', 'DEF_60_CNT_SOCIAL_CIRCLE', 'DEF_30_CNT_SOCIAL_CIRCLE', 'AMT_GOODS_PRICE', 'REGION_RATING_CLIENT', 'REGION_RATING_CLIENT_W_CITY', 'REGION_POPULATION_RELATIVE', 'NAME_INCOME_TYPE', 'NAME_EDUCATION_TYPE', 'FLAG_CONT_MOBILE']
2024-12-11 12:22:17,807 - INFO - Train shape: (171202, 61), Test shape: (61500, 60)
2024-12-11 12:22:17,807 - INFO - LGBM params: {'learning_rate': 0.1, 'num_leaves': 8, 'boosting_type': 'gbdt', 'colsample_bytree': 0.65, 'reg_alpha': 1, 'reg_lambda': 1, 'objective': 'binary'}
2024-12-11 12:22:17,979 - INFO - Fold 1
2024-12-11 12:22:24,996 - INFO - Fold 1 AUC: 0.7528
2024-12-11 12:22:24,997 - INFO - Fold 1 binary_logloss: 0.2473
2024-12-11 12:22:25,000 - INFO - Fold 2
2024-12-11 12:22:30,490 - INFO - Fold 2 AUC: 0.7530
2024-12-11 12:22:30,491 - INFO - Fold 2 binary_logloss: 0.2488
2024-12-11 12:22:30,492 - INFO - Fold 3
2024-12-11 12:22:38,689 - INFO - Fold 3 AUC: 0.7595
2024-12-11 12:22:38,694 - INFO - Fold 3 binary_logloss: 0.2454
2024-12-11 12:22:38,698 - INFO - Fold 4
2024-12-11 12:22:45,998 - INFO - Fold 4 AUC: 0.7509
2024-12-11 12:22:45,999 - INFO - Fold 4 binary_logloss: 0.2484
2024-12-11 12:22:46,002 - INFO - Fold 5
2024-12-11 12:22:55,266 - INFO - Fold 5 AUC: 0.7551
2024-12-11 12:22:55,267 - INFO - Fold 5 binary_logloss: 0.2474
2024-12-11 12:22:55,374 - INFO - Overall AUC: 0.7542
2024-12-11 12:22:55,375 - INFO - Overall binary_logloss: 0.2475
2024-12-11 12:22:56,574 - INFO - Submission saved to data/output/submission_2024-12-11-12-22.csv
2024-12-11 12:22:56,574 - INFO - Logs saved to logs/log_2024-12-11-12-22.log
