2024-12-12 07:35:51,889 - INFO - Data cleaned
2024-12-12 07:35:51,890 - INFO - Using features: ['EXT_SOURCE_1', 'EXT_SOURCE_2', 'EXT_SOURCE_3', 'NAME_CONTRACT_TYPE', 'AMT_INCOME_TOTAL', 'OWN_CAR_AGE', 'ORGANIZATION_TYPE', 'DAYS_EMPLOYED', 'CREDIT_INCOME_RATIO', 'ANNUITY_INCOME_RATIO', 'INCOME_PER_CHILD', 'INCOME_PER_FAM_MEMBER', 'CREDIT_TERM', 'DAYS_EMPLOYED_PERC', 'DAYS_REGISTRATION_PERC', 'DAYS_ID_PUBLISH_PERC', 'AGE_IN_YEARS', 'YEARS_EMPLOYED', 'DAYS_LAST_PHONE_CHANGE', 'DEF_30_CNT_SOCIAL_CIRCLE', 'AMT_GOODS_PRICE', 'REGION_RATING_CLIENT_W_CITY', 'REGION_POPULATION_RELATIVE', 'NAME_EDUCATION_TYPE', 'NAME_FAMILY_STATUS', 'OCCUPATION_TYPE']
2024-12-12 07:35:51,890 - INFO - Train shape: (171202, 61), Test shape: (61500, 60)
2024-12-12 07:35:51,891 - INFO - LGBM params: {'learning_rate': 0.1, 'num_leaves': 8, 'boosting_type': 'gbdt', 'colsample_bytree': 0.65, 'reg_alpha': 1, 'reg_lambda': 1, 'objective': 'binary'}
2024-12-12 07:35:51,891 - INFO - XGB params: {'learning_rate': 0.1, 'max_depth': 6, 'n_estimators': 500, 'colsample_bytree': 0.8, 'subsample': 0.8, 'objective': 'binary:logistic', 'use_label_encoder': False, 'eval_metric': 'logloss', 'enable_categorical': True, 'tree_method': 'hist'}
2024-12-12 07:35:52,132 - INFO - [XGB] Fold 1
2024-12-12 07:36:02,056 - INFO - [XGB] Fold 1 AUC: 0.7491
2024-12-12 07:36:02,057 - INFO - [XGB] Fold 1 Logloss: 0.2482
2024-12-12 07:36:02,059 - INFO - [XGB] Fold 2
2024-12-12 07:36:14,080 - INFO - [XGB] Fold 2 AUC: 0.7523
2024-12-12 07:36:14,082 - INFO - [XGB] Fold 2 Logloss: 0.2489
2024-12-12 07:36:14,085 - INFO - [XGB] Fold 3
2024-12-12 07:36:27,993 - INFO - [XGB] Fold 3 AUC: 0.7577
2024-12-12 07:36:27,996 - INFO - [XGB] Fold 3 Logloss: 0.2458
2024-12-12 07:36:28,001 - INFO - [XGB] Fold 4
2024-12-12 07:36:40,570 - INFO - [XGB] Fold 4 AUC: 0.7473
2024-12-12 07:36:40,572 - INFO - [XGB] Fold 4 Logloss: 0.2492
2024-12-12 07:36:40,574 - INFO - [XGB] Fold 5
2024-12-12 07:36:52,592 - INFO - [XGB] Fold 5 AUC: 0.7530
2024-12-12 07:36:52,594 - INFO - [XGB] Fold 5 Logloss: 0.2480
2024-12-12 07:36:52,676 - INFO - [XGB] Overall AUC: 0.7519
2024-12-12 07:36:52,676 - INFO - [XGB] Overall Logloss: 0.2480
2024-12-12 07:36:52,694 - INFO - Fold 1
2024-12-12 07:37:01,975 - INFO - Fold 1 AUC: 0.7532
2024-12-12 07:37:01,979 - INFO - Fold 1 binary_logloss: 0.2471
2024-12-12 07:37:01,985 - INFO - Fold 2
2024-12-12 07:37:07,700 - INFO - Fold 2 AUC: 0.7553
2024-12-12 07:37:07,700 - INFO - Fold 2 binary_logloss: 0.2482
2024-12-12 07:37:07,703 - INFO - Fold 3
2024-12-12 07:37:15,066 - INFO - Fold 3 AUC: 0.7603
2024-12-12 07:37:15,068 - INFO - Fold 3 binary_logloss: 0.2451
2024-12-12 07:37:15,073 - INFO - Fold 4
2024-12-12 07:37:24,366 - INFO - Fold 4 AUC: 0.7525
2024-12-12 07:37:24,366 - INFO - Fold 4 binary_logloss: 0.2480
2024-12-12 07:37:24,369 - INFO - Fold 5
2024-12-12 07:37:32,089 - INFO - Fold 5 AUC: 0.7574
2024-12-12 07:37:32,092 - INFO - Fold 5 binary_logloss: 0.2468
2024-12-12 07:37:32,401 - INFO - Overall AUC: 0.7557
2024-12-12 07:37:32,402 - INFO - Overall binary_logloss: 0.2471
2024-12-12 07:37:33,552 - INFO - Ensemble Overall AUC: 0.7561
2024-12-12 07:37:33,552 - INFO - Ensemble Overall Logloss: 0.2468
2024-12-12 07:37:33,888 - INFO - Ensemble Submission saved to data/output/submission_ensemble_2024-12-12-07-37.csv
2024-12-12 07:37:33,889 - INFO - Logs saved to logs/log_2024-12-12-07-35.log
