2024-12-11 13:00:10,204 - INFO - Data cleaned
2024-12-11 13:00:10,207 - INFO - Using features: ['EXT_SOURCE_1', 'EXT_SOURCE_2', 'EXT_SOURCE_3', 'NAME_CONTRACT_TYPE', 'AMT_INCOME_TOTAL', 'OWN_CAR_AGE', 'ORGANIZATION_TYPE', 'DAYS_EMPLOYED', 'CREDIT_INCOME_RATIO', 'ANNUITY_INCOME_RATIO', 'INCOME_PER_CHILD', 'INCOME_PER_FAM_MEMBER', 'CREDIT_TERM', 'DAYS_EMPLOYED_PERC', 'DAYS_REGISTRATION_PERC', 'DAYS_ID_PUBLISH_PERC', 'AGE_IN_YEARS', 'YEARS_EMPLOYED', 'DAYS_LAST_PHONE_CHANGE', 'DEF_60_CNT_SOCIAL_CIRCLE', 'DEF_30_CNT_SOCIAL_CIRCLE', 'AMT_GOODS_PRICE', 'REGION_RATING_CLIENT', 'REGION_RATING_CLIENT_W_CITY', 'REGION_POPULATION_RELATIVE', 'NAME_INCOME_TYPE', 'NAME_EDUCATION_TYPE', 'NAME_FAMILY_STATUS', 'OCCUPATION_TYPE']
2024-12-11 13:00:10,207 - INFO - Train shape: (171202, 61), Test shape: (61500, 60)
2024-12-11 13:00:10,210 - INFO - LGBM params: {'learning_rate': 0.1, 'num_leaves': 8, 'boosting_type': 'gbdt', 'colsample_bytree': 0.65, 'reg_alpha': 1, 'reg_lambda': 1, 'objective': 'binary'}
2024-12-11 13:00:10,462 - INFO - Fold 1
2024-12-11 13:00:17,395 - INFO - Fold 1 AUC: 0.7527
2024-12-11 13:00:17,396 - INFO - Fold 1 binary_logloss: 0.2473
2024-12-11 13:00:17,399 - INFO - Fold 2
2024-12-11 13:00:22,404 - INFO - Fold 2 AUC: 0.7561
2024-12-11 13:00:22,405 - INFO - Fold 2 binary_logloss: 0.2478
2024-12-11 13:00:22,408 - INFO - Fold 3
2024-12-11 13:00:28,826 - INFO - Fold 3 AUC: 0.7604
2024-12-11 13:00:28,829 - INFO - Fold 3 binary_logloss: 0.2453
2024-12-11 13:00:28,832 - INFO - Fold 4
2024-12-11 13:00:36,401 - INFO - Fold 4 AUC: 0.7518
2024-12-11 13:00:36,403 - INFO - Fold 4 binary_logloss: 0.2482
2024-12-11 13:00:36,413 - INFO - Fold 5
2024-12-11 13:00:44,928 - INFO - Fold 5 AUC: 0.7573
2024-12-11 13:00:44,930 - INFO - Fold 5 binary_logloss: 0.2468
2024-12-11 13:00:45,034 - INFO - Overall AUC: 0.7556
2024-12-11 13:00:45,034 - INFO - Overall binary_logloss: 0.2471
2024-12-11 13:00:45,868 - INFO - Submission saved to data/output/submission_2024-12-11-13-00.csv
2024-12-11 13:00:45,869 - INFO - Logs saved to logs/log_2024-12-11-13-00.log
